0 info it worked if it ends with ok
1 verbose cli [ '/usr/local/bin/node', '/usr/local/bin/npm', 'start' ]
2 info using npm@1.2.17
3 info using node@v0.10.3
4 verbose read json /home/rmossa/apps/feeds/package.json
5 verbose run-script [ 'prestart', 'start', 'poststart' ]
6 info prestart Neo4j-Node-Boilerplate@0.0.1
7 info start Neo4j-Node-Boilerplate@0.0.1
8 verbose unsafe-perm in lifecycle true
9 silly exec sh "-c" "node-dev app.js"
10 silly sh,-c,node-dev app.js,/home/rmossa/apps/feeds spawning
11 info Neo4j-Node-Boilerplate@0.0.1 Failed to exec start script
12 error Neo4j-Node-Boilerplate@0.0.1 start: `node-dev app.js`
12 error `sh "-c" "node-dev app.js"` failed with 127
13 error Failed at the Neo4j-Node-Boilerplate@0.0.1 start script.
13 error This is most likely a problem with the Neo4j-Node-Boilerplate package,
13 error not with npm itself.
13 error Tell the author that this fails on your system:
13 error     node-dev app.js
13 error You can get their info via:
13 error     npm owner ls Neo4j-Node-Boilerplate
13 error There is likely additional logging output above.
14 error System Linux 3.5.0-40-generic
15 error command "/usr/local/bin/node" "/usr/local/bin/npm" "start"
16 error cwd /home/rmossa/apps/feeds
17 error node -v v0.10.3
18 error npm -v 1.2.17
19 error code ELIFECYCLE
20 verbose exit [ 1, true ]
